INFO [05-11|23:02:38.657] Maximum peer count                       ETH=10 LES=0 total=10
INFO [05-11|23:02:38.659] Smartcard socket not found, disabling    err="stat /run/pcscd/pcscd.comm: no such file or directory"
INFO [05-11|23:02:38.661] Set global gas cap                       cap=50,000,000
INFO [05-11|23:02:38.663] Allocated trie memory caches             clean=154.00MiB dirty=256.00MiB
INFO [05-11|23:02:38.664] Using leveldb as the backing database 
INFO [05-11|23:02:38.664] Allocated cache and file handles         database=/home/aoinamai/eth_program/progress/node1/geth/chaindata cache=512.00MiB handles=2048
INFO [05-11|23:02:38.670] Using LevelDB as the backing database 
INFO [05-11|23:02:38.675] Opened ancient database                  database=/home/aoinamai/eth_program/progress/node1/geth/chaindata/ancient/chain readonly=false
INFO [05-11|23:02:38.675] Disk storage enabled for ethash caches   dir=/home/aoinamai/eth_program/progress/node1/geth/ethash count=3
INFO [05-11|23:02:38.675] Disk storage enabled for ethash DAGs     dir=/home/aoinamai/.ethash count=2
INFO [05-11|23:02:38.676] Initialising Ethereum protocol           network=100 dbversion=<nil>
INFO [05-11|23:02:38.676] Writing default main-net genesis block 
INFO [05-11|23:02:38.897] Persisted trie from memory database      nodes=12356 size=1.78MiB time=28.78916ms gcnodes=0 gcsize=0.00B gctime=0s livenodes=1 livesize=0.00B
INFO [05-11|23:02:38.911]  
INFO [05-11|23:02:38.911] --------------------------------------------------------------------------------------------------------------------------------------------------------- 
INFO [05-11|23:02:38.911] Chain ID:  1 (mainnet) 
INFO [05-11|23:02:38.911] Consensus: Beacon (proof-of-stake), merged from Ethash (proof-of-work) 
INFO [05-11|23:02:38.911]  
INFO [05-11|23:02:38.912] Pre-Merge hard forks (block based): 
INFO [05-11|23:02:38.912]  - Homestead:                   #1150000  (https://github.com/ethereum/execution-specs/blob/master/network-upgrades/mainnet-upgrades/homestead.md) 
INFO [05-11|23:02:38.912]  - DAO Fork:                    #1920000  (https://github.com/ethereum/execution-specs/blob/master/network-upgrades/mainnet-upgrades/dao-fork.md) 
INFO [05-11|23:02:38.912]  - Tangerine Whistle (EIP 150): #2463000  (https://github.com/ethereum/execution-specs/blob/master/network-upgrades/mainnet-upgrades/tangerine-whistle.md) 
INFO [05-11|23:02:38.912]  - Spurious Dragon/1 (EIP 155): #2675000  (https://github.com/ethereum/execution-specs/blob/master/network-upgrades/mainnet-upgrades/spurious-dragon.md) 
INFO [05-11|23:02:38.912]  - Spurious Dragon/2 (EIP 158): #2675000  (https://github.com/ethereum/execution-specs/blob/master/network-upgrades/mainnet-upgrades/spurious-dragon.md) 
INFO [05-11|23:02:38.912]  - Byzantium:                   #4370000  (https://github.com/ethereum/execution-specs/blob/master/network-upgrades/mainnet-upgrades/byzantium.md) 
INFO [05-11|23:02:38.912]  - Constantinople:              #7280000  (https://github.com/ethereum/execution-specs/blob/master/network-upgrades/mainnet-upgrades/constantinople.md) 
INFO [05-11|23:02:38.912]  - Petersburg:                  #7280000  (https://github.com/ethereum/execution-specs/blob/master/network-upgrades/mainnet-upgrades/petersburg.md) 
INFO [05-11|23:02:38.912]  - Istanbul:                    #9069000  (https://github.com/ethereum/execution-specs/blob/master/network-upgrades/mainnet-upgrades/istanbul.md) 
INFO [05-11|23:02:38.912]  - Muir Glacier:                #9200000  (https://github.com/ethereum/execution-specs/blob/master/network-upgrades/mainnet-upgrades/muir-glacier.md) 
INFO [05-11|23:02:38.912]  - Berlin:                      #12244000 (https://github.com/ethereum/execution-specs/blob/master/network-upgrades/mainnet-upgrades/berlin.md) 
INFO [05-11|23:02:38.912]  - London:                      #12965000 (https://github.com/ethereum/execution-specs/blob/master/network-upgrades/mainnet-upgrades/london.md) 
INFO [05-11|23:02:38.912]  - Arrow Glacier:               #13773000 (https://github.com/ethereum/execution-specs/blob/master/network-upgrades/mainnet-upgrades/arrow-glacier.md) 
INFO [05-11|23:02:38.913]  - Gray Glacier:                #15050000 (https://github.com/ethereum/execution-specs/blob/master/network-upgrades/mainnet-upgrades/gray-glacier.md) 
INFO [05-11|23:02:38.913]  
INFO [05-11|23:02:38.913] Merge configured: 
INFO [05-11|23:02:38.913]  - Hard-fork specification:    https://github.com/ethereum/execution-specs/blob/master/network-upgrades/mainnet-upgrades/paris.md 
INFO [05-11|23:02:38.913]  - Network known to be merged: true 
INFO [05-11|23:02:38.913]  - Total terminal difficulty:  58750000000000000000000 
INFO [05-11|23:02:38.913]  
INFO [05-11|23:02:38.913] Post-Merge hard forks (timestamp based): 
INFO [05-11|23:02:38.913]  
INFO [05-11|23:02:38.913] --------------------------------------------------------------------------------------------------------------------------------------------------------- 
INFO [05-11|23:02:38.913]  
INFO [05-11|23:02:38.914] Loaded most recent local header          number=0 hash=d4e567..cb8fa3 td=17,179,869,184 age=54y1mo2w
INFO [05-11|23:02:38.914] Loaded most recent local full block      number=0 hash=d4e567..cb8fa3 td=17,179,869,184 age=54y1mo2w
INFO [05-11|23:02:38.914] Loaded most recent local fast block      number=0 hash=d4e567..cb8fa3 td=17,179,869,184 age=54y1mo2w
WARN [05-11|23:02:38.914] Failed to load snapshot                  err="missing or corrupted snapshot"
INFO [05-11|23:02:38.914] Rebuilding state snapshot 
INFO [05-11|23:02:38.915] Resuming state snapshot generation       root=d7f897..0f0544 accounts=0 slots=0 storage=0.00B dangling=0 elapsed="390.489µs"
INFO [05-11|23:02:38.915] Regenerated local transaction journal    transactions=0 accounts=0
INFO [05-11|23:02:38.917] Chain post-merge, sync via beacon client 
INFO [05-11|23:02:38.917] Gasprice oracle is ignoring threshold set threshold=2
WARN [05-11|23:02:38.918] Error reading unclean shutdown markers   error="leveldb: not found"
WARN [05-11|23:02:38.918] Engine API enabled                       protocol=eth
INFO [05-11|23:02:38.918] Starting peer-to-peer node               instance=Geth/v1.11.0-stable-18b641b0/linux-amd64/go1.19.5
INFO [05-11|23:02:38.924] IPC endpoint opened                      url=/home/aoinamai/eth_program/progress/node1/geth.ipc
ERROR[05-11|23:02:38.925] Unavailable modules in HTTP API list     unavailable=[db] available="[admin debug web3 eth txpool personal ethash miner net]"
INFO [05-11|23:02:38.925] Generated JWT secret                     path=/home/aoinamai/eth_program/progress/node1/geth/jwtsecret
INFO [05-11|23:02:38.925] New local node record                    seq=1,683,871,358,924 id=4f80c4d5c3b96e25 ip=127.0.0.1 udp=0 tcp=30303
INFO [05-11|23:02:38.925] Started P2P networking                   self="enode://8a2f19906f32a541103b42c998f77395c4868ac9e38b08054bafdf739db79500b2e029f6518de70002b39cad0ac53928f562a687bc1dd7ab24e91f636cbf5842@127.0.0.1:30303?discport=0"
INFO [05-11|23:02:38.925] HTTP server started                      endpoint=192.168.72.128:8101 auth=false prefix= cors= vhosts=localhost
INFO [05-11|23:02:38.926] WebSocket enabled                        url=ws://127.0.0.1:8551
INFO [05-11|23:02:38.926] HTTP server started                      endpoint=127.0.0.1:8551      auth=true  prefix= cors=localhost vhosts=localhost
INFO [05-11|23:02:38.947] Generated state snapshot                 accounts=8893 slots=0 storage=409.64KiB dangling=0 elapsed=32.608ms
WARN [05-11|23:02:38.960] Served eth_coinbase                      reqid=3 duration="9.833µs" err="etherbase must be explicitly specified"
WARN [05-11|23:03:13.919] Post-merge network, but no beacon client seen. Please launch one to follow the chain! 
WARN [05-11|23:08:13.971] Post-merge network, but no beacon client seen. Please launch one to follow the chain! 
WARN [05-11|23:13:14.020] Post-merge network, but no beacon client seen. Please launch one to follow the chain! 
